<?xml version="1.0" encoding="UTF-8"?>
<testng-results ignored="0" total="3" passed="3" failed="0" skipped="0">
  <reporter-output>
  </reporter-output>
  <suite started-at="2022-12-19T13:04:21 IST" name="Default suite" finished-at="2022-12-19T13:04:56 IST" duration-ms="34431">
    <groups>
    </groups>
    <test started-at="2022-12-19T13:04:21 IST" name="Default test" finished-at="2022-12-19T13:04:56 IST" duration-ms="34431">
      <class name="framework.testdemo1">
        <test-method is-config="true" signature="beforeTest()[pri:0, instance:framework.testdemo1@b62d79]" started-at="2022-12-19T13:04:22 IST" name="beforeTest" finished-at="2022-12-19T13:04:35 IST" duration-ms="13243" status="PASS">
          <reporter-output>
          </reporter-output>
        </test-method> <!-- beforeTest -->
        <test-method signature="login()[pri:0, instance:framework.testdemo1@b62d79]" started-at="2022-12-19T13:04:35 IST" name="login" finished-at="2022-12-19T13:04:38 IST" duration-ms="3336" status="PASS">
          <reporter-output>
          </reporter-output>
        </test-method> <!-- login -->
        <test-method signature="homepage()[pri:1, instance:framework.testdemo1@b62d79]" started-at="2022-12-19T13:04:38 IST" name="homepage" finished-at="2022-12-19T13:04:50 IST" duration-ms="11681" status="PASS">
          <reporter-output>
          </reporter-output>
        </test-method> <!-- homepage -->
        <test-method signature="logout()[pri:2, instance:framework.testdemo1@b62d79]" started-at="2022-12-19T13:04:50 IST" name="logout" finished-at="2022-12-19T13:04:56 IST" duration-ms="5911" status="PASS">
          <reporter-output>
          </reporter-output>
        </test-method> <!-- logout -->
        <test-method is-config="true" signature="afterTest()[pri:0, instance:framework.testdemo1@b62d79]" started-at="2022-12-19T13:04:56 IST" name="afterTest" finished-at="2022-12-19T13:04:56 IST" duration-ms="200" status="PASS">
          <reporter-output>
          </reporter-output>
        </test-method> <!-- afterTest -->
      </class> <!-- framework.testdemo1 -->
    </test> <!-- Default test -->
  </suite> <!-- Default suite -->
</testng-results>
