<?xml version="1.0" encoding="UTF-8"?>
<testng-results ignored="4" total="5" passed="1" failed="0" skipped="0">
  <reporter-output>
  </reporter-output>
  <suite started-at="2023-01-16T11:02:39 IST" name="Default suite" finished-at="2023-01-16T11:02:43 IST" duration-ms="4021">
    <groups>
    </groups>
    <test started-at="2023-01-16T11:02:39 IST" name="Default test" finished-at="2023-01-16T11:02:43 IST" duration-ms="4021">
      <class name="rest_assured.class01">
        <test-method signature="createresource()[pri:0, instance:rest_assured.class01@3738449f]" started-at="2023-01-16T11:02:40 IST" name="createresource" finished-at="2023-01-16T11:02:43 IST" duration-ms="3937" status="PASS">
          <reporter-output>
          </reporter-output>
        </test-method> <!-- createresource -->
      </class> <!-- rest_assured.class01 -->
    </test> <!-- Default test -->
  </suite> <!-- Default suite -->
</testng-results>
