<?xml version="1.0" encoding="UTF-8"?>
<testng-results ignored="0" total="1" passed="1" failed="0" skipped="0">
  <reporter-output>
  </reporter-output>
  <suite started-at="2022-12-20T11:23:54 IST" name="Default suite" finished-at="2022-12-20T11:24:46 IST" duration-ms="52246">
    <groups>
    </groups>
    <test started-at="2022-12-20T11:23:54 IST" name="Default test" finished-at="2022-12-20T11:24:46 IST" duration-ms="52246">
      <class name="datapakg.data1">
        <test-method is-config="true" signature="BT()[pri:0, instance:datapakg.data1@4d465b11]" started-at="2022-12-20T11:23:54 IST" name="BT" finished-at="2022-12-20T11:24:05 IST" duration-ms="10734" status="PASS">
          <reporter-output>
          </reporter-output>
        </test-method> <!-- BT -->
        <test-method signature="datadriven()[pri:0, instance:datapakg.data1@4d465b11]" started-at="2022-12-20T11:24:05 IST" name="datadriven" finished-at="2022-12-20T11:24:46 IST" duration-ms="41351" status="PASS">
          <reporter-output>
          </reporter-output>
        </test-method> <!-- datadriven -->
      </class> <!-- datapakg.data1 -->
    </test> <!-- Default test -->
  </suite> <!-- Default suite -->
</testng-results>
