<?xml version="1.0" encoding="UTF-8"?>
<testng-results ignored="0" total="1" passed="1" failed="0" skipped="0">
  <reporter-output>
  </reporter-output>
  <suite started-at="2023-01-29T20:49:25 IST" name="Default suite" finished-at="2023-01-29T20:50:25 IST" duration-ms="60103">
    <groups>
    </groups>
    <test started-at="2023-01-29T20:49:25 IST" name="Default test" finished-at="2023-01-29T20:50:25 IST" duration-ms="60103">
      <class name="datapakg.data1">
        <test-method is-config="true" signature="BT()[pri:0, instance:datapakg.data1@4d465b11]" started-at="2023-01-29T20:49:25 IST" name="BT" finished-at="2023-01-29T20:49:44 IST" duration-ms="19085" status="PASS">
          <reporter-output>
          </reporter-output>
        </test-method> <!-- BT -->
        <test-method signature="datadriven()[pri:0, instance:datapakg.data1@4d465b11]" started-at="2023-01-29T20:49:44 IST" name="datadriven" finished-at="2023-01-29T20:50:25 IST" duration-ms="40923" status="PASS">
          <reporter-output>
          </reporter-output>
        </test-method> <!-- datadriven -->
      </class> <!-- datapakg.data1 -->
    </test> <!-- Default test -->
  </suite> <!-- Default suite -->
</testng-results>
