<?xml version="1.0" encoding="UTF-8"?>
<!-- Generated by org.testng.reporters.JUnitXMLReporter -->
<testsuite ignored="0" hostname="DESKTOP-HACB02N" failures="0" tests="3" name="Default test" time="34.431" errors="0" timestamp="2022-12-19T13:04:56 IST">
  <testcase classname="framework.testdemo1" name="login" time="3.336"/>
  <testcase classname="framework.testdemo1" name="homepage" time="11.681"/>
  <testcase classname="framework.testdemo1" name="logout" time="5.911"/>
</testsuite> <!-- Default test -->
