<?xml version="1.0" encoding="UTF-8"?>
<testng-results ignored="0" total="2" passed="2" failed="0" skipped="0">
  <reporter-output>
  </reporter-output>
  <suite started-at="2023-01-20T11:27:48 IST" name="Default suite" finished-at="2023-01-20T11:29:22 IST" duration-ms="93820">
    <groups>
    </groups>
    <test started-at="2023-01-20T11:27:48 IST" name="Default test" finished-at="2023-01-20T11:29:22 IST" duration-ms="93820">
      <class name="mobiletesting1.hybridtest">
        <test-method signature="test1()[pri:0, instance:mobiletesting1.hybridtest@7db12bb6]" started-at="2023-01-20T11:27:49 IST" name="test1" finished-at="2023-01-20T11:28:26 IST" duration-ms="37067" status="PASS">
          <reporter-output>
          </reporter-output>
        </test-method> <!-- test1 -->
        <test-method signature="test2()[pri:1, instance:mobiletesting1.hybridtest@7db12bb6]" started-at="2023-01-20T11:28:26 IST" name="test2" finished-at="2023-01-20T11:29:22 IST" duration-ms="56083" status="PASS">
          <reporter-output>
          </reporter-output>
        </test-method> <!-- test2 -->
      </class> <!-- mobiletesting1.hybridtest -->
    </test> <!-- Default test -->
  </suite> <!-- Default suite -->
</testng-results>
