<?xml version="1.0" encoding="UTF-8"?>
<!-- Generated by org.testng.reporters.JUnitXMLReporter -->
<testsuite ignored="4" hostname="DESKTOP-HACB02N" failures="0" tests="1" name="Default test" time="4.021" errors="0" timestamp="2023-01-16T11:02:44 IST">
  <testcase classname="rest_assured.class01" name="createresource" time="3.937"/>
  <testcase classname="rest_assured.class01" name="deleteresource" time="0.0">
    <ignored/>
  </testcase> <!-- deleteresource -->
  <testcase classname="rest_assured.class01" name="getresource" time="0.0">
    <ignored/>
  </testcase> <!-- getresource -->
  <testcase classname="rest_assured.class01" name="updateresource" time="0.0">
    <ignored/>
  </testcase> <!-- updateresource -->
  <testcase classname="rest_assured.class01" name="testcase1" time="0.0">
    <ignored/>
  </testcase> <!-- testcase1 -->
</testsuite> <!-- Default test -->
