<?xml version="1.0" encoding="UTF-8"?>
<testng-results ignored="0" total="2" passed="2" failed="0" skipped="0">
  <reporter-output>
  </reporter-output>
  <suite started-at="2022-12-19T13:41:44 IST" name="Default suite" finished-at="2022-12-19T13:42:14 IST" duration-ms="29913">
    <groups>
    </groups>
    <test started-at="2022-12-19T13:41:44 IST" name="Default test" finished-at="2022-12-19T13:42:14 IST" duration-ms="29913">
      <class name="Project1.testadmin">
        <test-method is-config="true" signature="BT()[pri:0, instance:Project1.testadmin@63a12c68]" started-at="2022-12-19T13:41:44 IST" name="BT" finished-at="2022-12-19T13:41:55 IST" duration-ms="10638" status="PASS">
          <reporter-output>
          </reporter-output>
        </test-method> <!-- BT -->
        <test-method signature="Login()[pri:0, instance:Project1.testadmin@63a12c68]" started-at="2022-12-19T13:41:55 IST" name="Login" finished-at="2022-12-19T13:42:00 IST" duration-ms="5319" status="PASS">
          <reporter-output>
          </reporter-output>
        </test-method> <!-- Login -->
        <test-method signature="Admin()[pri:1, instance:Project1.testadmin@63a12c68]" started-at="2022-12-19T13:42:00 IST" name="Admin" finished-at="2022-12-19T13:42:14 IST" duration-ms="13869" status="PASS">
          <reporter-output>
          </reporter-output>
        </test-method> <!-- Admin -->
      </class> <!-- Project1.testadmin -->
    </test> <!-- Default test -->
  </suite> <!-- Default suite -->
</testng-results>
