<?xml version="1.0" encoding="UTF-8"?>
<testng-results ignored="1" total="2" passed="1" failed="0" skipped="0">
  <reporter-output>
  </reporter-output>
  <suite started-at="2023-01-17T17:26:25 IST" name="Default suite" finished-at="2023-01-17T17:26:47 IST" duration-ms="22392">
    <groups>
    </groups>
    <test started-at="2023-01-17T17:26:25 IST" name="Default test" finished-at="2023-01-17T17:26:47 IST" duration-ms="22392">
      <class name="Project1.testadmin">
        <test-method is-config="true" signature="BT()[pri:0, instance:Project1.testadmin@1b1426f4]" started-at="2023-01-17T17:26:25 IST" name="BT" finished-at="2023-01-17T17:26:40 IST" duration-ms="14853" status="PASS">
          <reporter-output>
          </reporter-output>
        </test-method> <!-- BT -->
        <test-method signature="Login()[pri:0, instance:Project1.testadmin@1b1426f4]" started-at="2023-01-17T17:26:40 IST" name="Login" finished-at="2023-01-17T17:26:47 IST" duration-ms="7315" status="PASS">
          <reporter-output>
          </reporter-output>
        </test-method> <!-- Login -->
        <test-method is-config="true" signature="AT()[pri:0, instance:Project1.testadmin@1b1426f4]" started-at="2023-01-17T17:26:47 IST" name="AT" finished-at="2023-01-17T17:26:47 IST" duration-ms="162" status="PASS">
          <reporter-output>
          </reporter-output>
        </test-method> <!-- AT -->
      </class> <!-- Project1.testadmin -->
    </test> <!-- Default test -->
  </suite> <!-- Default suite -->
</testng-results>
